<?xml version="1.0" encoding="UTF-8"?>
<!-- Generated by org.testng.reporters.JUnitReportReporter -->
<testsuite hostname="DESKTOP-L90MKEQ" failures="0" tests="5" name="TestCase.tc_loginDDT002" time="14.922" errors="0" timestamp="2024-09-13T21:17:41 IST" skipped="0">
  <testcase classname="TestCase.tc_loginDDT002" name="loginDDT" time="1.834"/>
  <testcase classname="TestCase.tc_loginDDT002" name="loginDDT" time="6.730"/>
  <testcase classname="TestCase.tc_loginDDT002" name="loginDDT" time="2.108"/>
  <testcase classname="TestCase.tc_loginDDT002" name="loginDDT" time="2.021"/>
  <testcase classname="TestCase.tc_loginDDT002" name="loginDDT" time="2.229"/>
</testsuite> <!-- TestCase.tc_loginDDT002 -->
