<?xml version="1.0" encoding="UTF-8"?>
<!-- Generated by org.testng.reporters.JUnitReportReporter -->
<testsuite hostname="DESKTOP-L90MKEQ" failures="0" tests="1" name="TestCase.tc_AddNewCustomer" time="14.294" errors="0" timestamp="2024-09-13T22:16:34 IST" skipped="0">
  <testcase classname="TestCase.tc_AddNewCustomer" name="Addnewcustomer" time="14.294"/>
</testsuite> <!-- TestCase.tc_AddNewCustomer -->
